
> bonobot@1.0.0 dev /home/user/git-repo/bonobot/bot
> nodemon -x node --loader ts-node/esm src/index.ts

[33m[nodemon] 2.0.22[39m
[33m[nodemon] to restart at any time, enter `rs`[39m
[33m[nodemon] watching path(s): *.*[39m
[33m[nodemon] watching extensions: ts,json[39m
[32m[nodemon] starting `node --loader ts-node/esm src/index.ts`[39m
node:events:490
      throw er; // Unhandled 'error' event
      ^

Error: EBADF: bad file descriptor, read
Emitted 'error' event on ReadStream instance at:
    at emitErrorNT (node:internal/streams/destroy:151:8)
    at errorOrDestroy (node:internal/streams/destroy:214:7)
    at node:internal/fs/streams:258:9
    at FSReqCallback.wrapper [as oncomplete] (node:fs:687:5) {
  errno: -9,
  code: 'EBADF',
  syscall: 'read'
}

Node.js v19.8.1
 ELIFECYCLE  Command failed with exit code 1.
(node:6875) ExperimentalWarning: Custom ESM Loaders is an experimental feature and might change at any time
(Use `node --trace-warnings ...` to show where the warning was created)
bot started.
fetch rss feeds.
post new rss item.
post new rss item.
post new rss item.
post new rss item.
post new rss item.
fetch rss feeds.
post new rss item.
post new rss item.
post new rss item.
post new rss item.
post new rss item.
fetch rss feeds.
post new rss item.
post new rss item.
post new rss item.
post new rss item.
post new rss item.
fetch rss feeds.
post new rss item.
post new rss item.
post new rss item.
post new rss item.
post new rss item.
fetch rss feeds.
post new rss item.
post new rss item.
post new rss item.
post new rss item.
post new rss item.
fetch rss feeds.
post new rss item.
post new rss item.
post new rss item.
post new rss item.
post new rss item.
fetch rss feeds.
post new rss item.
post new rss item.
post new rss item.
post new rss item.
post new rss item.
fetch rss feeds.
post new rss item.
post new rss item.
post new rss item.
post new rss item.
post new rss item.
fetch rss feeds.
post new rss item.
post new rss item.
post new rss item.
post new rss item.
post new rss item.
fetch rss feeds.
post new rss item.
post new rss item.
post new rss item.
post new rss item.
post new rss item.
fetch rss feeds.
post new rss item.
post new rss item.
post new rss item.
post new rss item.
post new rss item.
fetch rss feeds.
post new rss item.
post new rss item.
post new rss item.
post new rss item.
post new rss item.
fetch rss feeds.
post new rss item.
post new rss item.
post new rss item.
post new rss item.
post new rss item.
fetch rss feeds.
post new rss item.
post new rss item.
post new rss item.
post new rss item.
post new rss item.
fetch rss feeds.
post new rss item.
post new rss item.
post new rss item.
post new rss item.
post new rss item.
fetch rss feeds.
post new rss item.
post new rss item.
post new rss item.
post new rss item.
post new rss item.
fetch rss feeds.
post new rss item.
post new rss item.
post new rss item.
post new rss item.
post new rss item.
fetch rss feeds.
post new rss item.
post new rss item.
post new rss item.
post new rss item.
post new rss item.
fetch rss feeds.
post new rss item.
post new rss item.
post new rss item.
post new rss item.
post new rss item.
fetch rss feeds.
post new rss item.
post new rss item.
post new rss item.
post new rss item.
post new rss item.
fetch rss feeds.
post new rss item.
post new rss item.
post new rss item.
post new rss item.
post new rss item.
fetch rss feeds.
post new rss item.
post new rss item.
post new rss item.
post new rss item.
post new rss item.
fetch rss feeds.
post new rss item.
post new rss item.
post new rss item.
post new rss item.
post new rss item.
fetch rss feeds.
post new rss item.
post new rss item.
post new rss item.
post new rss item.
post new rss item.
fetch rss feeds.
post new rss item.
post new rss item.
post new rss item.
post new rss item.
post new rss item.
fetch rss feeds.
post new rss item.
post new rss item.
post new rss item.
post new rss item.
post new rss item.
fetch rss feeds.
post new rss item.
post new rss item.
post new rss item.
post new rss item.
post new rss item.
fetch rss feeds.
post new rss item.
post new rss item.
post new rss item.
post new rss item.
post new rss item.
fetch rss feeds.
post new rss item.
post new rss item.
post new rss item.
post new rss item.
post new rss item.
fetch rss feeds.
post new rss item.
post new rss item.
post new rss item.
post new rss item.
post new rss item.
fetch rss feeds.
post new rss item.
post new rss item.
post new rss item.
post new rss item.
post new rss item.
fetch rss feeds.
post new rss item.
post new rss item.
post new rss item.
post new rss item.
post new rss item.
fetch rss feeds.
post new rss item.
post new rss item.
post new rss item.
post new rss item.
post new rss item.
fetch rss feeds.
post new rss item.
post new rss item.
post new rss item.
post new rss item.
post new rss item.
fetch rss feeds.
post new rss item.
post new rss item.
post new rss item.
post new rss item.
post new rss item.
fetch rss feeds.
post new rss item.
post new rss item.
post new rss item.
post new rss item.
post new rss item.
fetch rss feeds.
post new rss item.
post new rss item.
post new rss item.
post new rss item.
post new rss item.
fetch rss feeds.
post new rss item.
post new rss item.
post new rss item.
post new rss item.
post new rss item.
fetch rss feeds.
post new rss item.
post new rss item.
post new rss item.
post new rss item.
post new rss item.
fetch rss feeds.
post new rss item.
post new rss item.
post new rss item.
post new rss item.
post new rss item.
fetch rss feeds.
post new rss item.
post new rss item.
post new rss item.
post new rss item.
post new rss item.
fetch rss feeds.
post new rss item.
post new rss item.
post new rss item.
post new rss item.
post new rss item.
fetch rss feeds.
post new rss item.
post new rss item.
post new rss item.
post new rss item.
post new rss item.
fetch rss feeds.
post new rss item.
post new rss item.
post new rss item.
post new rss item.
post new rss item.
fetch rss feeds.
post new rss item.
post new rss item.
post new rss item.
post new rss item.
post new rss item.
fetch rss feeds.
post new rss item.
post new rss item.
post new rss item.
